C51 COMPILER V9.01   MAIN                                                                  06/19/2022 20:09:39 PAGE 1   


C51 COMPILER V9.01, COMPILATION OF MODULE MAIN
OBJECT MODULE PLACED IN main.OBJ
COMPILER INVOKED BY: C:\Keil\C51\BIN\C51.EXE main.c BROWSE DEBUG OBJECTEXTEND

line level    source

   1          #include "reg52.h"                       //此文件中定义了单片机的一些特殊功能寄存器
   2          #include <intrins.h>
   3          typedef unsigned int u16;         //对数据类型进行声明定义
   4          typedef unsigned char u8;
   5          // #define u8 unsigned char
   6          // #define u16 unsigned int
   7          // sbit Data=P0^0;   //定义数据线
   8          // u8 rec_dat[5];   //用于显示的接收数据数组
   9          
  10          // void DHT11_delay_us(u8 n)
  11          // {
  12          //     while(--n);
  13          // }
  14          
  15          void DHT11_delay_ms(u16 z)
  16          {
  17   1         u16 i,j;
  18   1         for(i=z;i>0;i--)
  19   1            for(j=110;j>0;j--);
  20   1      }
  21          
  22          //串口初始化
  23          void UsartInit()
  24          {
  25   1              SCON=0X50;                      //设置为工作方式1
  26   1              TMOD=0X20;                      //设置计数器工作方式2
  27   1              PCON=0X80;                      //波特率加倍
  28   1              TH1=0XFF;                               //计数器初始值设置，注意波特率是57600的
  29   1              TL1=0XFF;
  30   1              ES=1;                                           //打开接收中断
  31   1              EA=1;                                           //打开总中断
  32   1              TR1=1;                                  //打开计数器
  33   1      }
  34          // //DHT11初始化
  35          // void DHT11_start()
  36          // {
  37          //    Data=1;
  38          //    DHT11_delay_us(2);
  39          //    Data=0;
  40          //    DHT11_delay_ms(20);   //延时18ms以上
  41          //    Data=1;
  42          //    DHT11_delay_us(30);
  43          // }
  44          
  45          // u8 DHT11_rec_byte()      //接收一个字节
  46          // {
  47          //    u8 i,dat=0;
  48          //   for(i=0;i<8;i++)    //从高到低依次接收8位数据
  49          //    {          
  50          //       while(!Data);  // 等待50us低电平过去
  51          //       DHT11_delay_us(8);     //延时60us，如果还为高则数据为1，否则为0 
  52          //       dat<<=1;           //移位使正确接收8位数据，数据为0时直接移位
  53          //       if(Data==1)    //数据为1时，使dat加1来接收数据1
  54          //          dat+=1;
  55          //       while(Data);  //等待数据线拉低    
C51 COMPILER V9.01   MAIN                                                                  06/19/2022 20:09:39 PAGE 2   

  56          //     }  
  57          //     return dat;
  58          // }
  59          
  60          // void DHT11_receive()      //接收40位的数据
  61          // {
  62          //     u8 R_H,R_L,T_H,T_L,RH,RL,TH,TL,revise; 
  63          //     DHT11_start();
  64          //     if(Data==0)
  65          //     {
  66          //         while(Data==0);   //等待拉高     
  67          //         DHT11_delay_us(40);  //拉高后延时80us
  68          //         R_H=DHT11_rec_byte();    //接收湿度高八位  
  69          //         R_L=DHT11_rec_byte();    //接收湿度低八位  
  70          //         T_H=DHT11_rec_byte();    //接收温度高八位  
  71          //         T_L=DHT11_rec_byte();    //接收温度低八位
  72          //         revise=DHT11_rec_byte(); //接收校正位
  73          
  74          //         DHT11_delay_us(25);    //结束
  75          
  76          //         if((R_H+R_L+T_H+T_L)==revise)      //校正
  77          //         {
  78          //             RH=R_H;
  79          //             RL=R_L;
  80          //             TH=T_H;
  81          //             TL=T_L;
  82          //         } 
  83          //         /*
  84          //              数据处理，方便显示 数据格式 湿度,温度
  85          //              */
  86          //         rec_dat[0]='0'+(RH/10);
  87          //         rec_dat[1]='0'+(RH%10);
  88          //         rec_dat[2]=',';
  89          //         rec_dat[3]='0'+(TH/10);
  90          //         rec_dat[4]='0'+(TH%10);
  91          //     }
  92          // }
  93          
  94          //串口发送一个字节数据
  95          void UART_SendByte(u8 Byte){
  96   1              SBUF=Byte;
  97   1              //检测是否完成
  98   1              while(TI==0);
  99   1              TI=0;//TI复位
 100   1      }
 101          
 102          int main()
 103          {
 104   1              u8 i;   
 105   1              UsartInit();
 106   1              // DHT11_delay_ms(1500);//DHT11上电后要等待1S以越过不稳定状态在此期间不能发送任何指令
 107   1              while(1)
 108   1              {   
 109   2              UART_SendByte('2');  
 110   2                      // DHT11_receive();
 111   2                      // //    lcd_write_command(0x80);   //从lcd1602第一行第一个位置开始显示
 112   2                      // for(i=0;i<5;i++){
 113   2                      // //显示数据 
 114   2                      // UART_SendByte(rec_dat[i]);
 115   2                      // }
 116   2                      // UART_SendByte('\n');
 117   2                      DHT11_delay_ms(1500);
C51 COMPILER V9.01   MAIN                                                                  06/19/2022 20:09:39 PAGE 3   

 118   2         }
 119   1      }
*** WARNING C280 IN LINE 104 OF MAIN.C: 'i': unreferenced local variable


MODULE INFORMATION:   STATIC OVERLAYABLE
   CODE SIZE        =     77    ----
   CONSTANT SIZE    =   ----    ----
   XDATA SIZE       =   ----    ----
   PDATA SIZE       =   ----    ----
   DATA SIZE        =   ----       1
   IDATA SIZE       =   ----    ----
   BIT SIZE         =   ----    ----
END OF MODULE INFORMATION.


C51 COMPILATION COMPLETE.  1 WARNING(S),  0 ERROR(S)
